<?xml version="1.0" encoding="UTF-8"?>
<robot generator="Robot 6.0.2 (Python 3.10.6 on linux)" generated="20230503 22:04:37.382" rpa="false" schemaversion="3">
<suite id="s1" name="Treino 2" source="/home/luis/Documents/Robot Framework/CursoRobot/Treino/treino_2.robot">
<test id="s1-t1" name="Teste de FOR do tipo IN RANGE" line="6">
<kw name="Log To Console" library="BuiltIn" type="SETUP">
<arg>${\n}</arg>
<doc>Logs the given message to the console.</doc>
<status status="PASS" starttime="20230503 22:04:37.393" endtime="20230503 22:04:37.393"/>
</kw>
<kw name="Usando FOR IN RANGE">
<kw name="Log To Console" library="BuiltIn">
<arg>${\n}</arg>
<doc>Logs the given message to the console.</doc>
<status status="PASS" starttime="20230503 22:04:37.394" endtime="20230503 22:04:37.394"/>
</kw>
<for flavor="IN RANGE">
<var>${CONTADOR}</var>
<value>0</value>
<value>5</value>
<iter>
<var name="${CONTADOR}">0</var>
<kw name="Log To Console" library="BuiltIn">
<arg>Minha posição agora é: ${CONTADOR}</arg>
<doc>Logs the given message to the console.</doc>
<status status="PASS" starttime="20230503 22:04:37.394" endtime="20230503 22:04:37.394"/>
</kw>
<kw name="Log" library="BuiltIn">
<arg>Minha posição agora é: ${CONTADOR}</arg>
<doc>Logs the given message with the given level.</doc>
<msg timestamp="20230503 22:04:37.394" level="INFO">Minha posição agora é: 0</msg>
<status status="PASS" starttime="20230503 22:04:37.394" endtime="20230503 22:04:37.394"/>
</kw>
<status status="PASS" starttime="20230503 22:04:37.394" endtime="20230503 22:04:37.394"/>
</iter>
<iter>
<var name="${CONTADOR}">1</var>
<kw name="Log To Console" library="BuiltIn">
<arg>Minha posição agora é: ${CONTADOR}</arg>
<doc>Logs the given message to the console.</doc>
<status status="PASS" starttime="20230503 22:04:37.394" endtime="20230503 22:04:37.394"/>
</kw>
<kw name="Log" library="BuiltIn">
<arg>Minha posição agora é: ${CONTADOR}</arg>
<doc>Logs the given message with the given level.</doc>
<msg timestamp="20230503 22:04:37.394" level="INFO">Minha posição agora é: 1</msg>
<status status="PASS" starttime="20230503 22:04:37.394" endtime="20230503 22:04:37.394"/>
</kw>
<status status="PASS" starttime="20230503 22:04:37.394" endtime="20230503 22:04:37.394"/>
</iter>
<iter>
<var name="${CONTADOR}">2</var>
<kw name="Log To Console" library="BuiltIn">
<arg>Minha posição agora é: ${CONTADOR}</arg>
<doc>Logs the given message to the console.</doc>
<status status="PASS" starttime="20230503 22:04:37.395" endtime="20230503 22:04:37.395"/>
</kw>
<kw name="Log" library="BuiltIn">
<arg>Minha posição agora é: ${CONTADOR}</arg>
<doc>Logs the given message with the given level.</doc>
<msg timestamp="20230503 22:04:37.395" level="INFO">Minha posição agora é: 2</msg>
<status status="PASS" starttime="20230503 22:04:37.395" endtime="20230503 22:04:37.395"/>
</kw>
<status status="PASS" starttime="20230503 22:04:37.394" endtime="20230503 22:04:37.395"/>
</iter>
<iter>
<var name="${CONTADOR}">3</var>
<kw name="Log To Console" library="BuiltIn">
<arg>Minha posição agora é: ${CONTADOR}</arg>
<doc>Logs the given message to the console.</doc>
<status status="PASS" starttime="20230503 22:04:37.395" endtime="20230503 22:04:37.395"/>
</kw>
<kw name="Log" library="BuiltIn">
<arg>Minha posição agora é: ${CONTADOR}</arg>
<doc>Logs the given message with the given level.</doc>
<msg timestamp="20230503 22:04:37.395" level="INFO">Minha posição agora é: 3</msg>
<status status="PASS" starttime="20230503 22:04:37.395" endtime="20230503 22:04:37.395"/>
</kw>
<status status="PASS" starttime="20230503 22:04:37.395" endtime="20230503 22:04:37.395"/>
</iter>
<iter>
<var name="${CONTADOR}">4</var>
<kw name="Log To Console" library="BuiltIn">
<arg>Minha posição agora é: ${CONTADOR}</arg>
<doc>Logs the given message to the console.</doc>
<status status="PASS" starttime="20230503 22:04:37.395" endtime="20230503 22:04:37.395"/>
</kw>
<kw name="Log" library="BuiltIn">
<arg>Minha posição agora é: ${CONTADOR}</arg>
<doc>Logs the given message with the given level.</doc>
<msg timestamp="20230503 22:04:37.395" level="INFO">Minha posição agora é: 4</msg>
<status status="PASS" starttime="20230503 22:04:37.395" endtime="20230503 22:04:37.395"/>
</kw>
<status status="PASS" starttime="20230503 22:04:37.395" endtime="20230503 22:04:37.395"/>
</iter>
<status status="PASS" starttime="20230503 22:04:37.394" endtime="20230503 22:04:37.395"/>
</for>
<status status="PASS" starttime="20230503 22:04:37.393" endtime="20230503 22:04:37.395"/>
</kw>
<kw name="Log To Console" library="BuiltIn" type="TEARDOWN">
<arg>${\n}</arg>
<doc>Logs the given message to the console.</doc>
<status status="PASS" starttime="20230503 22:04:37.396" endtime="20230503 22:04:37.396"/>
</kw>
<status status="PASS" starttime="20230503 22:04:37.393" endtime="20230503 22:04:37.396"/>
</test>
<status status="PASS" starttime="20230503 22:04:37.383" endtime="20230503 22:04:37.396"/>
</suite>
<statistics>
<total>
<stat pass="1" fail="0" skip="0">All Tests</stat>
</total>
<tag>
</tag>
<suite>
<stat pass="1" fail="0" skip="0" id="s1" name="Treino 2">Treino 2</stat>
</suite>
</statistics>
<errors>
</errors>
</robot>
